<?xml version="1.0" encoding="UTF-8"?>
<!-- Generated by org.testng.reporters.JUnitXMLReporter -->
<testsuite ignored="0" hostname="DESKTOP-KC7BRJK" failures="0" tests="6" name="Test1" time="10.096" errors="0" timestamp="2021-12-06T17:36:05 BDT">
  <testcase classname="tests.test01" name="GetReq" time="4.709"/>
  <testcase classname="tests.test01" name="checkGetDetails" time="0.043"/>
  <testcase classname="tests.test01" name="PostReq" time="0.757"/>
  <testcase classname="tests.test01" name="PutReq" time="0.719"/>
  <testcase classname="tests.test01" name="PatchReq" time="0.701"/>
  <testcase classname="tests.test01" name="DeleteReq" time="0.719"/>
</testsuite> <!-- Test1 -->
