<?xml version="1.0" encoding="UTF-8"?>
<!-- Generated by org.testng.reporters.JUnitXMLReporter -->
<testsuite ignored="0" hostname="DESKTOP-KC7BRJK" failures="0" tests="6" name="Default test" time="6.58" errors="0" timestamp="2021-12-03T17:49:03 BDT">
  <testcase classname="tests.test01" name="GetReq" time="1.578"/>
  <testcase classname="tests.test01" name="checkGetDetails" time="0.035"/>
  <testcase classname="tests.test01" name="PostReq" time="0.705"/>
  <testcase classname="tests.test01" name="PutReq" time="0.648"/>
  <testcase classname="tests.test01" name="PatchReq" time="0.681"/>
  <testcase classname="tests.test01" name="DeleteReq" time="0.711"/>
</testsuite> <!-- Default test -->
