<?xml version="1.0" encoding="UTF-8"?>
<testng-results ignored="0" total="6" passed="6" failed="0" skipped="0">
  <reporter-output>
  </reporter-output>
  <suite started-at="2021-12-06T17:35:55 BDT" name="tests" finished-at="2021-12-06T17:36:05 BDT" duration-ms="10096">
    <groups>
    </groups>
    <test started-at="2021-12-06T17:35:55 BDT" name="Test1" finished-at="2021-12-06T17:36:05 BDT" duration-ms="10096">
      <class name="tests.test01">
        <test-method is-config="true" signature="setup()[pri:0, instance:tests.test01@32a068d1]" started-at="2021-12-06T17:35:55 BDT" name="setup" finished-at="2021-12-06T17:35:56 BDT" duration-ms="959" status="PASS">
          <reporter-output>
          </reporter-output>
        </test-method> <!-- setup -->
        <test-method signature="GetReq()[pri:0, instance:tests.test01@32a068d1]" started-at="2021-12-06T17:35:56 BDT" name="GetReq" finished-at="2021-12-06T17:36:01 BDT" duration-ms="4709" status="PASS">
          <reporter-output>
          </reporter-output>
        </test-method> <!-- GetReq -->
        <test-method signature="checkGetDetails()[pri:1, instance:tests.test01@32a068d1]" started-at="2021-12-06T17:36:01 BDT" name="checkGetDetails" finished-at="2021-12-06T17:36:01 BDT" duration-ms="43" status="PASS">
          <reporter-output>
          </reporter-output>
        </test-method> <!-- checkGetDetails -->
        <test-method signature="PostReq(java.lang.String, java.lang.String)[pri:2, instance:tests.test01@32a068d1]" started-at="2021-12-06T17:36:02 BDT" name="PostReq" data-provider="PostData" finished-at="2021-12-06T17:36:03 BDT" duration-ms="757" status="PASS">
          <params>
            <param index="0">
              <value>
                <![CDATA[automated]]>
              </value>
            </param>
            <param index="1">
              <value>
                <![CDATA[automatedjob]]>
              </value>
            </param>
          </params>
          <reporter-output>
          </reporter-output>
        </test-method> <!-- PostReq -->
        <test-method signature="PutReq(java.lang.String, java.lang.String)[pri:3, instance:tests.test01@32a068d1]" started-at="2021-12-06T17:36:03 BDT" name="PutReq" data-provider="PostData" finished-at="2021-12-06T17:36:03 BDT" duration-ms="719" status="PASS">
          <params>
            <param index="0">
              <value>
                <![CDATA[automated]]>
              </value>
            </param>
            <param index="1">
              <value>
                <![CDATA[automatedjob]]>
              </value>
            </param>
          </params>
          <reporter-output>
          </reporter-output>
        </test-method> <!-- PutReq -->
        <test-method signature="PatchReq(java.lang.String, java.lang.String)[pri:4, instance:tests.test01@32a068d1]" started-at="2021-12-06T17:36:04 BDT" name="PatchReq" data-provider="PostData" finished-at="2021-12-06T17:36:04 BDT" duration-ms="701" status="PASS">
          <params>
            <param index="0">
              <value>
                <![CDATA[automated]]>
              </value>
            </param>
            <param index="1">
              <value>
                <![CDATA[automatedjob]]>
              </value>
            </param>
          </params>
          <reporter-output>
          </reporter-output>
        </test-method> <!-- PatchReq -->
        <test-method signature="DeleteReq()[pri:5, instance:tests.test01@32a068d1]" started-at="2021-12-06T17:36:04 BDT" name="DeleteReq" finished-at="2021-12-06T17:36:05 BDT" duration-ms="719" status="PASS">
          <reporter-output>
          </reporter-output>
        </test-method> <!-- DeleteReq -->
        <test-method is-config="true" signature="teardown()[pri:0, instance:tests.test01@32a068d1]" started-at="2021-12-06T17:36:05 BDT" name="teardown" finished-at="2021-12-06T17:36:05 BDT" duration-ms="2" status="PASS">
          <reporter-output>
          </reporter-output>
        </test-method> <!-- teardown -->
      </class> <!-- tests.test01 -->
    </test> <!-- Test1 -->
  </suite> <!-- tests -->
</testng-results>
