<?xml version="1.0" encoding="UTF-8"?>
<testsuite name="TestSuite" time="7.661" tests="6" errors="0" skipped="0" failures="0">
  <properties>
[...]
</properties>
  <testcase name="GetReq" classname="tests.test01" time="4.715"/>
  <testcase name="checkGetDetails" classname="tests.test01" time="0.044"/>
  <testcase name="PostReq" classname="tests.test01" time="0.758"/>
  <testcase name="PutReq" classname="tests.test01" time="0.723"/>
  <testcase name="PatchReq" classname="tests.test01" time="0.702"/>
  <testcase name="DeleteReq" classname="tests.test01" time="0.719"/>
</testsuite>