<?xml version="1.0" encoding="UTF-8"?>
<testng-results ignored="0" total="6" passed="6" failed="0" skipped="0">
  <reporter-output>
  </reporter-output>
  <suite started-at="2021-12-03T17:48:56 BDT" name="Default suite" finished-at="2021-12-03T17:49:03 BDT" duration-ms="6580">
    <groups>
    </groups>
    <test started-at="2021-12-03T17:48:56 BDT" name="Default test" finished-at="2021-12-03T17:49:03 BDT" duration-ms="6580">
      <class name="tests.test01">
        <test-method is-config="true" signature="setup()[pri:0, instance:tests.test01@49c386c8]" started-at="2021-12-03T17:48:56 BDT" name="setup" finished-at="2021-12-03T17:48:58 BDT" duration-ms="1094" status="PASS">
          <reporter-output>
          </reporter-output>
        </test-method> <!-- setup -->
        <test-method signature="GetReq()[pri:0, instance:tests.test01@49c386c8]" started-at="2021-12-03T17:48:58 BDT" name="GetReq" finished-at="2021-12-03T17:48:59 BDT" duration-ms="1578" status="PASS">
          <reporter-output>
          </reporter-output>
        </test-method> <!-- GetReq -->
        <test-method signature="checkGetDetails()[pri:1, instance:tests.test01@49c386c8]" started-at="2021-12-03T17:48:59 BDT" name="checkGetDetails" finished-at="2021-12-03T17:48:59 BDT" duration-ms="35" status="PASS">
          <reporter-output>
          </reporter-output>
        </test-method> <!-- checkGetDetails -->
        <test-method signature="PostReq(java.lang.String, java.lang.String)[pri:2, instance:tests.test01@49c386c8]" started-at="2021-12-03T17:49:00 BDT" name="PostReq" data-provider="PostData" finished-at="2021-12-03T17:49:01 BDT" duration-ms="705" status="PASS">
          <params>
            <param index="0">
              <value>
                <![CDATA[automated]]>
              </value>
            </param>
            <param index="1">
              <value>
                <![CDATA[automatedjob]]>
              </value>
            </param>
          </params>
          <reporter-output>
          </reporter-output>
        </test-method> <!-- PostReq -->
        <test-method signature="PutReq(java.lang.String, java.lang.String)[pri:3, instance:tests.test01@49c386c8]" started-at="2021-12-03T17:49:01 BDT" name="PutReq" data-provider="PostData" finished-at="2021-12-03T17:49:01 BDT" duration-ms="648" status="PASS">
          <params>
            <param index="0">
              <value>
                <![CDATA[automated]]>
              </value>
            </param>
            <param index="1">
              <value>
                <![CDATA[automatedjob]]>
              </value>
            </param>
          </params>
          <reporter-output>
          </reporter-output>
        </test-method> <!-- PutReq -->
        <test-method signature="PatchReq(java.lang.String, java.lang.String)[pri:4, instance:tests.test01@49c386c8]" started-at="2021-12-03T17:49:02 BDT" name="PatchReq" data-provider="PostData" finished-at="2021-12-03T17:49:02 BDT" duration-ms="681" status="PASS">
          <params>
            <param index="0">
              <value>
                <![CDATA[automated]]>
              </value>
            </param>
            <param index="1">
              <value>
                <![CDATA[automatedjob]]>
              </value>
            </param>
          </params>
          <reporter-output>
          </reporter-output>
        </test-method> <!-- PatchReq -->
        <test-method signature="DeleteReq()[pri:5, instance:tests.test01@49c386c8]" started-at="2021-12-03T17:49:02 BDT" name="DeleteReq" finished-at="2021-12-03T17:49:03 BDT" duration-ms="711" status="PASS">
          <reporter-output>
          </reporter-output>
        </test-method> <!-- DeleteReq -->
        <test-method is-config="true" signature="teardown()[pri:0, instance:tests.test01@49c386c8]" started-at="2021-12-03T17:49:03 BDT" name="teardown" finished-at="2021-12-03T17:49:03 BDT" duration-ms="2" status="PASS">
          <reporter-output>
          </reporter-output>
        </test-method> <!-- teardown -->
      </class> <!-- tests.test01 -->
    </test> <!-- Default test -->
  </suite> <!-- Default suite -->
</testng-results>
